<?xml version="1.0" encoding="UTF-8"?>
<!-- Generated by org.testng.reporters.JUnitXMLReporter -->
<testsuite ignored="18" hostname="DESKTOP-07NO8AP" failures="0" tests="1" name="Default test" time="18.305" errors="0" timestamp="2023-09-12T01:22:27 IST">
  <testcase classname="com.orangehrm.testcases.MyinfoPageTest" name="validate_firstnamefield_present" time="5.092"/>
  <testcase classname="com.orangehrm.testcases.MyinfoPageTest" name="validate_edit_attachmentinfo" time="0.0">
    <ignored/>
  </testcase> <!-- validate_edit_attachmentinfo -->
  <testcase classname="com.orangehrm.testcases.MyinfoPageTest" name="validate_driving_license_no_present" time="0.0">
    <ignored/>
  </testcase> <!-- validate_driving_license_no_present -->
  <testcase classname="com.orangehrm.testcases.MyinfoPageTest" name="validate_employeeIDfield_present" time="0.0">
    <ignored/>
  </testcase> <!-- validate_employeeIDfield_present -->
  <testcase classname="com.orangehrm.testcases.MyinfoPageTest" name="validate_dob_present" time="0.0">
    <ignored/>
  </testcase> <!-- validate_dob_present -->
  <testcase classname="com.orangehrm.testcases.MyinfoPageTest" name="validate_midnamenamefield_present" time="0.0">
    <ignored/>
  </testcase> <!-- validate_midnamenamefield_present -->
  <testcase classname="com.orangehrm.testcases.MyinfoPageTest" name="validate_sino_present" time="0.0">
    <ignored/>
  </testcase> <!-- validate_sino_present -->
  <testcase classname="com.orangehrm.testcases.MyinfoPageTest" name="validate_ssno_present" time="0.0">
    <ignored/>
  </testcase> <!-- validate_ssno_present -->
  <testcase classname="com.orangehrm.testcases.MyinfoPageTest" name="validate_gender_present" time="0.0">
    <ignored/>
  </testcase> <!-- validate_gender_present -->
  <testcase classname="com.orangehrm.testcases.MyinfoPageTest" name="validate_nicknamefield_present" time="0.0">
    <ignored/>
  </testcase> <!-- validate_nicknamefield_present -->
  <testcase classname="com.orangehrm.testcases.MyinfoPageTest" name="validate_add_attachment" time="0.0">
    <ignored/>
  </testcase> <!-- validate_add_attachment -->
  <testcase classname="com.orangehrm.testcases.MyinfoPageTest" name="validate_filldetails" time="0.0">
    <ignored/>
  </testcase> <!-- validate_filldetails -->
  <testcase classname="com.orangehrm.testcases.MyinfoPageTest" name="validate_add_profile_photo" time="0.0">
    <ignored/>
  </testcase> <!-- validate_add_profile_photo -->
  <testcase classname="com.orangehrm.testcases.MyinfoPageTest" name="validate_default_myinfo" time="0.0">
    <ignored/>
  </testcase> <!-- validate_default_myinfo -->
  <testcase classname="com.orangehrm.testcases.MyinfoPageTest" name="validate_view_attachmentinfo" time="0.0">
    <ignored/>
  </testcase> <!-- validate_view_attachmentinfo -->
  <testcase classname="com.orangehrm.testcases.MyinfoPageTest" name="validate_lastnamefield_present" time="0.0">
    <ignored/>
  </testcase> <!-- validate_lastnamefield_present -->
  <testcase classname="com.orangehrm.testcases.MyinfoPageTest" name="validate_otherIDfield_present" time="0.0">
    <ignored/>
  </testcase> <!-- validate_otherIDfield_present -->
  <testcase classname="com.orangehrm.testcases.MyinfoPageTest" name="validate_personal_details_tab_present" time="0.0">
    <ignored/>
  </testcase> <!-- validate_personal_details_tab_present -->
  <testcase classname="com.orangehrm.testcases.MyinfoPageTest" name="validate_license_Expiry_present" time="0.0">
    <ignored/>
  </testcase> <!-- validate_license_Expiry_present -->
</testsuite> <!-- Default test -->
