<?xml version="1.0" encoding="UTF-8"?>
<testng-results ignored="18" total="19" passed="1" failed="0" skipped="0">
  <reporter-output>
  </reporter-output>
  <suite started-at="2023-09-12T01:22:09 IST" name="Default suite" finished-at="2023-09-12T01:22:27 IST" duration-ms="18305">
    <groups>
    </groups>
    <test started-at="2023-09-12T01:22:09 IST" name="Default test" finished-at="2023-09-12T01:22:27 IST" duration-ms="18305">
      <class name="com.orangehrm.testcases.MyinfoPageTest">
        <test-method is-config="true" signature="browserSetup()[pri:0, instance:com.orangehrm.testcases.MyinfoPageTest@1a6d8329]" started-at="2023-09-12T01:22:09 IST" name="browserSetup" finished-at="2023-09-12T01:22:22 IST" duration-ms="13136" status="PASS">
          <reporter-output>
          </reporter-output>
        </test-method> <!-- browserSetup -->
        <test-method signature="validate_firstnamefield_present()[pri:0, instance:com.orangehrm.testcases.MyinfoPageTest@1a6d8329]" started-at="2023-09-12T01:22:22 IST" name="validate_firstnamefield_present" finished-at="2023-09-12T01:22:27 IST" duration-ms="5092" status="PASS">
          <reporter-output>
          </reporter-output>
        </test-method> <!-- validate_firstnamefield_present -->
        <test-method is-config="true" signature="closeSetup()[pri:0, instance:com.orangehrm.testcases.MyinfoPageTest@1a6d8329]" started-at="2023-09-12T01:22:27 IST" name="closeSetup" finished-at="2023-09-12T01:22:27 IST" duration-ms="2" status="PASS">
          <reporter-output>
          </reporter-output>
        </test-method> <!-- closeSetup -->
      </class> <!-- com.orangehrm.testcases.MyinfoPageTest -->
    </test> <!-- Default test -->
  </suite> <!-- Default suite -->
</testng-results>
